<?xml version="1.0" encoding="UTF-8"?>
<testng-results skipped="0" failed="0" ignored="0" total="1" passed="1">
  <reporter-output>
  </reporter-output>
  <suite name="Default suite" duration-ms="29417" started-at="2018-06-20T00:18:20Z" finished-at="2018-06-20T00:18:49Z">
    <groups>
    </groups>
    <test name="Default test" duration-ms="29417" started-at="2018-06-20T00:18:20Z" finished-at="2018-06-20T00:18:49Z">
      <class name="testcases.Loginapplication">
        <test-method status="PASS" signature="Login()[pri:0, instance:testcases.Loginapplication@4d95d2a2]" name="Login" duration-ms="29373" started-at="2018-06-20T00:18:20Z" finished-at="2018-06-20T00:18:49Z">
          <reporter-output>
          </reporter-output>
        </test-method> <!-- Login -->
      </class> <!-- testcases.Loginapplication -->
    </test> <!-- Default test -->
  </suite> <!-- Default suite -->
</testng-results>
